[2026-04-18T05:19:20Z] === ENRICH ITERATION 11 START | repo=jestjs/jest sha=67c1aa20 ===
[2026-04-18T05:19:20Z] [iter=11] PHASE START: enrich repo=jestjs/jest sha=67c1aa20 runlog=/home/runner/work/forx/forx/storage/aggregate/lsp/logs/67c1aa20-enrich-iter-011.log output=/home/runner/work/forx/forx/storage/aggregate/lsp/67c1aa20c5fec31366d733e901fee2b981cb1850.nq.gz
[2026-04-18T05:20:06Z] [iter=11] Step 1: Loading AST into disk-backed store mem_mb=83 MB
[2026-04-18T05:21:43Z] [iter=11] AST store loaded triples=9309439 load_secs=94 mem_mb=1077 MB
[2026-04-18T05:21:43Z] [iter=11] Step 2: Finding LSP targets mem_mb=1077 MB
[2026-04-18T05:21:53Z] [iter=11] LSP targets found call_sites=81315 imports=2227 extends=133 implements=9 secs=10
[2026-04-18T05:22:06Z] [iter=11] Loaded checkpoint partial graph triples=301500
[2026-04-18T05:22:12Z] [iter=11] Step 2.7: Building position index (one-shot, shared across resolvers) mem_mb=1232 MB
[2026-04-18T05:23:06Z] [iter=11] Position index built positions=604380 nodes_with_types=724270 secs=54 mem_mb=2293 MB
[2026-04-18T05:23:06Z] [iter=11] Step 3: Starting LSP resolution mem_mb=2293 MB already_completed_types=[] already_completed_files=908
[2026-04-18T05:23:06Z] [iter=11] Resolving target type target_type=call_site count=81315
[2026-04-18T05:23:07Z] [iter=11] HEARTBEAT target_type=call_site elapsed_min=3.8 files_done=0 resolved=0 errors=0 current=e2e/__tests__/toMatchSnapshotWithRetries.test.ts
[2026-04-18T05:24:41Z] [iter=11] HEARTBEAT target_type=call_site elapsed_min=5.3 files_done=1 resolved=0 errors=25 current=packages/pretty-format/src/__tests__/ConvertAnsi.test.ts
[2026-04-18T05:26:03Z] [iter=11] HEARTBEAT target_type=call_site elapsed_min=6.7 files_done=3 resolved=0 errors=47 current=packages/jest-util/src/installCommonGlobals.ts
[2026-04-18T05:26:51Z] [iter=11] HEARTBEAT target_type=call_site elapsed_min=7.5 files_done=4 resolved=0 errors=60 current=packages/jest-test-result/src/__tests__/formatTestResults.test.ts
[2026-04-18T05:28:13Z] [iter=11] HEARTBEAT target_type=call_site elapsed_min=8.9 files_done=6 resolved=0 errors=82 current=e2e/__tests__/timeoutsLegacy.test.ts
[2026-04-18T05:29:02Z] [iter=11] HEARTBEAT target_type=call_site elapsed_min=9.7 files_done=7 resolved=0 errors=95 current=packages/jest-util/src/__tests__/errorWithStack.test.ts
[2026-04-18T05:31:53Z] [iter=11] HEARTBEAT target_type=call_site elapsed_min=12.6 files_done=9 resolved=0 errors=141 current=packages/jest-cli/src/init/generateConfigFile.ts
[2026-04-18T05:32:27Z] [iter=11] HEARTBEAT target_type=call_site elapsed_min=13.1 files_done=10 resolved=3 errors=150 current=e2e/__tests__/timerUseRealTimers.test.ts
[2026-04-18T05:34:46Z] [iter=11] HEARTBEAT target_type=call_site elapsed_min=15.4 files_done=13 resolved=3 errors=187 current=packages/jest-reporters/src/utils.ts
[2026-04-18T05:38:47Z] [iter=11] HEARTBEAT target_type=call_site elapsed_min=19.4 files_done=14 resolved=3 errors=252 current=packages/jest-jasmine2/src/jasmine/Suite.ts
[2026-04-18T05:40:04Z] [iter=11] HEARTBEAT target_type=call_site elapsed_min=20.7 files_done=15 resolved=3 errors=273 current=e2e/__tests__/env.test.ts
[2026-04-18T05:40:46Z] [iter=11] HEARTBEAT target_type=call_site elapsed_min=21.4 files_done=16 resolved=3 errors=284 current=e2e/__tests__/promiseReject.test.ts
[2026-04-18T05:41:23Z] [iter=11] HEARTBEAT target_type=call_site elapsed_min=22.0 files_done=18 resolved=3 errors=294 current=packages/jest-jasmine2/src/__tests__/iterators.test.ts
[2026-04-18T05:42:42Z] [iter=11] HEARTBEAT target_type=call_site elapsed_min=23.4 files_done=21 resolved=4 errors=315 current=packages/jest-validate/src/__tests__/fixtures/jestConfig.ts
[2026-04-18T05:43:34Z] [iter=11] HEARTBEAT target_type=call_site elapsed_min=24.2 files_done=22 resolved=4 errors=329 current=e2e/__tests__/customTestSequencers.test.ts
[2026-04-18T05:44:23Z] [iter=11] HEARTBEAT target_type=call_site elapsed_min=25.0 files_done=23 resolved=7 errors=342 current=e2e/__tests__/configOverride.test.ts
[2026-04-18T05:46:40Z] [iter=11] HEARTBEAT target_type=call_site elapsed_min=27.3 files_done=25 resolved=8 errors=379 current=examples/angular/shared/sub.service.spec.ts
[2026-04-18T05:47:14Z] [iter=11] HEARTBEAT target_type=call_site elapsed_min=27.9 files_done=27 resolved=9 errors=388 current=packages/jest-reporters/src/Status.ts
[2026-04-18T05:48:54Z] [iter=11] HEARTBEAT target_type=call_site elapsed_min=29.6 files_done=28 resolved=9 errors=415 current=packages/expect/src/__tests__/stacktrace.test.ts
[2026-04-18T05:49:46Z] [iter=11] HEARTBEAT target_type=call_site elapsed_min=30.4 files_done=29 resolved=9 errors=429 current=packages/jest-reporters/src/SummaryReporter.ts
[2026-04-18T05:51:56Z] [iter=11] HEARTBEAT target_type=call_site elapsed_min=32.6 files_done=30 resolved=9 errors=464 current=packages/jest-jasmine2/src/setup_jest_globals.ts
[2026-04-18T05:53:14Z] [iter=11] HEARTBEAT target_type=call_site elapsed_min=33.9 files_done=31 resolved=9 errors=485 current=e2e/__tests__/setupFilesAfterEnvConfig.test.ts
[2026-04-18T05:53:44Z] [iter=11] HEARTBEAT target_type=call_site elapsed_min=34.4 files_done=33 resolved=11 errors=493 current=e2e/__tests__/requireAfterTeardown.test.ts
[2026-04-18T05:54:40Z] [iter=11] HEARTBEAT target_type=call_site elapsed_min=35.3 files_done=35 resolved=11 errors=508 current=packages/jest-haste-map/src/lib/getPlatformExtension.ts
[2026-04-18T05:56:14Z] [iter=11] HEARTBEAT target_type=call_site elapsed_min=36.9 files_done=38 resolved=22 errors=533 current=packages/jest-reporters/src/CoverageReporter.ts
[2026-04-18T06:02:28Z] [iter=11] HEARTBEAT target_type=call_site elapsed_min=43.1 files_done=39 resolved=22 errors=633 current=packages/expect/src/__tests__/extend.test.ts
[2026-04-18T06:06:37Z] [iter=11] HEARTBEAT target_type=call_site elapsed_min=47.3 files_done=40 resolved=27 errors=700 current=e2e/__tests__/snapshotResolver.test.ts
[2026-04-18T06:07:41Z] [iter=11] HEARTBEAT target_type=call_site elapsed_min=48.4 files_done=42 resolved=27 errors=717 current=e2e/__tests__/testInRoot.test.ts
[2026-04-18T06:08:27Z] [iter=11] HEARTBEAT target_type=call_site elapsed_min=49.1 files_done=45 resolved=27 errors=729 current=packages/expect/src/__tests__/matchers-toContainEqual.property.test.ts
[2026-04-18T06:09:39Z] [iter=11] HEARTBEAT target_type=call_site elapsed_min=50.3 files_done=46 resolved=27 errors=748 current=packages/jest-get-type/src/__tests__/getType.test.ts
[2026-04-18T06:10:32Z] [iter=11] HEARTBEAT target_type=call_site elapsed_min=51.2 files_done=47 resolved=29 errors=762 current=packages/jest-resolve/src/isBuiltinModule.ts
[2026-04-18T06:11:18Z] [iter=11] HEARTBEAT target_type=call_site elapsed_min=52.0 files_done=50 resolved=29 errors=774 current=examples/typescript/__tests__/calc.test.ts
[2026-04-18T06:12:56Z] [iter=11] HEARTBEAT target_type=call_site elapsed_min=53.6 files_done=51 resolved=29 errors=800 current=packages/jest-matcher-utils/src/deepCyclicCopyReplaceable.ts
[2026-04-18T06:14:02Z] [iter=11] HEARTBEAT target_type=call_site elapsed_min=54.7 files_done=52 resolved=29 errors=818 current=packages/jest-circus/src/__tests__/afterAll.test.ts
[2026-04-18T06:15:14Z] [iter=11] HEARTBEAT target_type=call_site elapsed_min=55.9 files_done=54 resolved=29 errors=837 current=e2e/__tests__/resolveWithPaths.test.ts
[2026-04-18T06:16:10Z] [iter=11] HEARTBEAT target_type=call_site elapsed_min=56.8 files_done=57 resolved=29 errors=852 current=packages/jest-util/src/__tests__/createProcessObject.test.ts
[2026-04-18T06:16:40Z] [iter=11] HEARTBEAT target_type=call_site elapsed_min=57.3 files_done=58 resolved=31 errors=860 current=e2e/__tests__/callDoneTwice.test.ts
[2026-04-18T06:18:02Z] [iter=11] HEARTBEAT target_type=call_site elapsed_min=58.7 files_done=60 resolved=31 errors=882 current=packages/jest-watcher/src/JestHooks.ts
[2026-04-18T06:18:40Z] [iter=11] HEARTBEAT target_type=call_site elapsed_min=59.3 files_done=61 resolved=31 errors=892 current=packages/jest-reporters/src/getResultHeader.ts
[2026-04-18T06:19:21Z] [iter=11] HEARTBEAT target_type=call_site elapsed_min=60.0 files_done=62 resolved=31 errors=903 current=packages/jest-circus/src/index.ts
[2026-04-18T06:20:46Z] [iter=11] HEARTBEAT target_type=call_site elapsed_min=61.4 files_done=63 resolved=31 errors=926 current=packages/jest-core/src/lib/handleDeprecationWarnings.ts
[2026-04-18T06:21:39Z] [iter=11] HEARTBEAT target_type=call_site elapsed_min=62.3 files_done=64 resolved=31 errors=940 current=packages/jest-matcher-utils/src/__tests__/deepCyclicCopyReplaceable.test.ts
[2026-04-18T06:23:08Z] [iter=11] HEARTBEAT target_type=call_site elapsed_min=63.8 files_done=65 resolved=41 errors=964 current=packages/jest-each/src/index.ts
[2026-04-18T06:25:37Z] [iter=11] HEARTBEAT target_type=call_site elapsed_min=66.3 files_done=66 resolved=41 errors=1004 current=packages/jest-cli/src/cli/index.ts
[2026-04-18T06:27:28Z] [iter=11] HEARTBEAT target_type=call_site elapsed_min=68.1 files_done=67 resolved=42 errors=1034 current=e2e/__tests__/showConfig.test.ts
[2026-04-18T06:28:23Z] [iter=11] HEARTBEAT target_type=call_site elapsed_min=69.1 files_done=68 resolved=43 errors=1049 current=e2e/__tests__/stackTrace.test.ts
[2026-04-18T06:29:15Z] [iter=11] HEARTBEAT target_type=call_site elapsed_min=69.9 files_done=69 resolved=43 errors=1063 current=packages/jest-jasmine2/src/pTimeout.ts
[2026-04-18T06:29:45Z] [iter=11] HEARTBEAT target_type=call_site elapsed_min=70.4 files_done=71 resolved=43 errors=1071 current=e2e/__tests__/fakeTime.test.ts
[2026-04-18T06:30:30Z] [iter=11] HEARTBEAT target_type=call_site elapsed_min=71.2 files_done=73 resolved=43 errors=1083 current=e2e/__tests__/testFailureExitCode.test.ts
[2026-04-18T06:31:22Z] [iter=11] HEARTBEAT target_type=call_site elapsed_min=72.0 files_done=74 resolved=47 errors=1097 current=packages/jest-test-result/src/formatTestResults.ts
[2026-04-18T06:33:03Z] [iter=11] HEARTBEAT target_type=call_site elapsed_min=73.7 files_done=76 resolved=51 errors=1124 current=e2e/__tests__/watchModeUpdateSnapshot.test.ts
[2026-04-18T06:33:45Z] [iter=11] HEARTBEAT target_type=call_site elapsed_min=74.4 files_done=77 resolved=52 errors=1135 current=e2e/__tests__/dynamicRequireDependencies.ts
[2026-04-18T06:35:50Z] [iter=11] HEARTBEAT target_type=call_site elapsed_min=76.5 files_done=80 resolved=52 errors=1169 current=e2e/__tests__/executeTestsOnceInMpr.ts
[2026-04-18T06:36:28Z] [iter=11] HEARTBEAT target_type=call_site elapsed_min=77.1 files_done=82 resolved=56 errors=1179 current=packages/jest-worker/src/index.ts
[2026-04-18T06:37:12Z] [iter=11] HEARTBEAT target_type=call_site elapsed_min=77.9 files_done=83 resolved=56 errors=1191 current=packages/jest-matcher-utils/src/Replaceable.ts
[2026-04-18T06:37:45Z] [iter=11] HEARTBEAT target_type=call_site elapsed_min=78.4 files_done=84 resolved=56 errors=1200 current=e2e/__tests__/globalTeardown.test.ts
[2026-04-18T06:40:30Z] [iter=11] HEARTBEAT target_type=call_site elapsed_min=81.2 files_done=85 resolved=56 errors=1244 current=e2e/__tests__/detectOpenHandles.ts
[2026-04-18T06:43:32Z] [iter=11] HEARTBEAT target_type=call_site elapsed_min=84.2 files_done=86 resolved=58 errors=1293 current=packages/expect/src/__tests__/matchers-toEqual.property.test.ts
[2026-04-18T06:44:32Z] [iter=11] HEARTBEAT target_type=call_site elapsed_min=85.2 files_done=87 resolved=58 errors=1309 current=packages/jest-snapshot/src/__tests__/plugins.test.ts
[2026-04-18T06:45:16Z] [iter=11] HEARTBEAT target_type=call_site elapsed_min=85.9 files_done=88 resolved=58 errors=1321 current=packages/jest-core/src/lib/watchPluginsHelpers.ts
[2026-04-18T06:46:05Z] [iter=11] HEARTBEAT target_type=call_site elapsed_min=86.7 files_done=89 resolved=58 errors=1334 current=packages/pretty-format/src/collections.ts
[2026-04-18T06:46:49Z] [iter=11] HEARTBEAT target_type=call_site elapsed_min=87.5 files_done=90 resolved=58 errors=1346 current=packages/jest-jasmine2/src/assertionErrorMessage.ts
[2026-04-18T06:49:32Z] [iter=11] HEARTBEAT target_type=call_site elapsed_min=90.2 files_done=91 resolved=58 errors=1390 current=packages/jest-jasmine2/src/__tests__/hooksError.test.ts
[2026-04-18T06:50:02Z] [iter=11] HEARTBEAT target_type=call_site elapsed_min=90.7 files_done=93 resolved=59 errors=1398 current=e2e/__tests__/stackTraceSourceMaps.test.ts
[2026-04-18T06:50:43Z] [iter=11] HEARTBEAT target_type=call_site elapsed_min=91.4 files_done=95 resolved=59 errors=1409 current=packages/jest-jasmine2/src/reporter.ts
[2026-04-18T06:51:54Z] [iter=11] HEARTBEAT target_type=call_site elapsed_min=92.6 files_done=96 resolved=59 errors=1428 current=packages/jest-core/src/testSchedulerHelper.ts
[2026-04-18T06:54:23Z] [iter=11] HEARTBEAT target_type=call_site elapsed_min=95.0 files_done=99 resolved=59 errors=1468 current=packages/jest-config/src/readConfigFileAndSetRootDir.ts
[2026-04-18T06:55:26Z] [iter=11] HEARTBEAT target_type=call_site elapsed_min=96.1 files_done=100 resolved=59 errors=1485 current=e2e/__tests__/autoRestoreMocks.test.ts
[2026-04-18T06:59:01Z] [iter=11] HEARTBEAT target_type=call_site elapsed_min=99.7 files_done=102 resolved=59 errors=1543 current=packages/jest-validate/src/condition.ts
[2026-04-18T06:59:40Z] [iter=11] HEARTBEAT target_type=call_site elapsed_min=100.3 files_done=105 resolved=60 errors=1553 current=packages/expect/src/jestMatchersObject.ts
[2026-04-18T07:04:35Z] [iter=11] HEARTBEAT target_type=call_site elapsed_min=105.3 files_done=107 resolved=64 errors=1633 current=packages/jest-jasmine2/src/errorOnPrivate.ts
[2026-04-18T07:05:42Z] [iter=11] HEARTBEAT target_type=call_site elapsed_min=106.4 files_done=109 resolved=68 errors=1651 current=e2e/__tests__/noTestFound.test.ts
[2026-04-18T07:06:23Z] [iter=11] HEARTBEAT target_type=call_site elapsed_min=107.0 files_done=111 resolved=68 errors=1662 current=e2e/__tests__/runTestsByPath.test.ts
[2026-04-18T07:08:17Z] [iter=11] HEARTBEAT target_type=call_site elapsed_min=109.0 files_done=113 resolved=69 errors=1693 current=packages/pretty-format/src/plugins/AsymmetricMatcher.ts
[2026-04-18T07:13:04Z] [iter=11] HEARTBEAT target_type=call_site elapsed_min=113.7 files_done=115 resolved=70 errors=1770 current=packages/jest-worker/src/Farm.ts
[2026-04-18T07:14:29Z] [iter=11] HEARTBEAT target_type=call_site elapsed_min=115.1 files_done=116 resolved=70 errors=1793 current=packages/jest-jasmine2/src/queueRunner.ts
[2026-04-18T07:15:36Z] [iter=11] HEARTBEAT target_type=call_site elapsed_min=116.3 files_done=117 resolved=70 errors=1811 current=e2e/__tests__/locationInResults.test.ts
[2026-04-18T07:16:10Z] [iter=11] HEARTBEAT target_type=call_site elapsed_min=116.8 files_done=118 resolved=70 errors=1820 current=packages/jest-snapshot/src/__tests__/throwMatcher.test.ts
[2026-04-18T07:16:44Z] [iter=11] HEARTBEAT target_type=call_site elapsed_min=117.4 files_done=120 resolved=70 errors=1829 current=packages/expect/src/__tests__/symbolInObjects.test.ts
[2026-04-18T07:17:51Z] [iter=11] HEARTBEAT target_type=call_site elapsed_min=118.5 files_done=123 resolved=75 errors=1847 current=packages/jest-changed-files/src/hg.ts
[2026-04-18T07:18:28Z] [iter=11] HEARTBEAT target_type=call_site elapsed_min=119.1 files_done=124 resolved=75 errors=1857 current=packages/jest-repl/src/cli/repl.ts
[2026-04-18T07:19:01Z] [iter=11] HEARTBEAT target_type=call_site elapsed_min=119.7 files_done=125 resolved=75 errors=1866 current=e2e/__tests__/toThrowErrorMatchingSnapshot.test.ts
[2026-04-18T07:20:34Z] [iter=11] HEARTBEAT target_type=call_site elapsed_min=121.2 files_done=126 resolved=75 errors=1891 current=packages/jest-cli/src/init/index.ts
[2026-04-18T07:22:00Z] [iter=11] HEARTBEAT target_type=call_site elapsed_min=122.7 files_done=127 resolved=75 errors=1914 current=e2e/__tests__/hasteMapMockChanged.test.ts
[2026-04-18T07:22:56Z] [iter=11] HEARTBEAT target_type=call_site elapsed_min=123.6 files_done=129 resolved=76 errors=1929 current=e2e/runJest.ts
[2026-04-18T07:25:17Z] [iter=11] HEARTBEAT target_type=call_site elapsed_min=125.9 files_done=130 resolved=80 errors=1967 current=e2e/__tests__/testTodo.test.ts
[2026-04-18T07:25:58Z] [iter=11] HEARTBEAT target_type=call_site elapsed_min=126.6 files_done=131 resolved=80 errors=1978 current=packages/jest-watcher/src/BaseWatchPlugin.ts
[2026-04-18T07:26:54Z] [iter=11] HEARTBEAT target_type=call_site elapsed_min=127.6 files_done=134 resolved=80 errors=1993 current=packages/expect/src/__tests__/assertionCounts.test.ts
[2026-04-18T07:28:02Z] [iter=11] HEARTBEAT target_type=call_site elapsed_min=128.7 files_done=135 resolved=80 errors=2011 current=packages/jest-worker/src/base/BaseWorkerPool.ts
[2026-04-18T07:28:51Z] [iter=11] HEARTBEAT target_type=call_site elapsed_min=129.5 files_done=136 resolved=80 errors=2024 current=packages/jest-jasmine2/src/jasmine/SpyStrategy.ts
[2026-04-18T07:29:24Z] [iter=11] HEARTBEAT target_type=call_site elapsed_min=130.1 files_done=138 resolved=81 errors=2033 current=packages/jest-core/src/getChangedFilesPromise.ts
[2026-04-18T07:30:02Z] [iter=11] HEARTBEAT target_type=call_site elapsed_min=130.7 files_done=139 resolved=81 errors=2043 current=packages/jest-serializer/src/__tests__/index.test.ts
[2026-04-18T07:30:35Z] [iter=11] HEARTBEAT target_type=call_site elapsed_min=131.3 files_done=140 resolved=87 errors=2052 current=e2e/__tests__/circusConcurrentEach.test.ts
[2026-04-18T07:31:10Z] [iter=11] HEARTBEAT target_type=call_site elapsed_min=131.8 files_done=143 resolved=87 errors=2061 current=e2e/__tests__/verbose.test.ts
[2026-04-18T07:31:55Z] [iter=11] HEARTBEAT target_type=call_site elapsed_min=132.6 files_done=145 resolved=87 errors=2073 current=examples/typescript/__tests__/sub-test.ts
[2026-04-18T07:34:01Z] [iter=11] HEARTBEAT target_type=call_site elapsed_min=134.7 files_done=147 resolved=87 errors=2107 current=packages/jest-create-cache-key-function/src/index.ts
[2026-04-18T07:35:04Z] [iter=11] HEARTBEAT target_type=call_site elapsed_min=135.7 files_done=148 resolved=87 errors=2124 current=packages/jest-environment-jsdom/src/__tests__/jsdom_environment.test.ts
[2026-04-18T07:35:42Z] [iter=11] HEARTBEAT target_type=call_site elapsed_min=136.4 files_done=149 resolved=87 errors=2134 current=packages/jest-environment-jsdom/src/__mocks__/index.ts
[2026-04-18T07:38:58Z] [iter=11] HEARTBEAT target_type=call_site elapsed_min=139.6 files_done=152 resolved=88 errors=2187 current=packages/jest-matcher-utils/src/__tests__/deepCyclicCopyReplaceableDom.test.ts
[2026-04-18T07:39:40Z] [iter=11] HEARTBEAT target_type=call_site elapsed_min=140.3 files_done=154 resolved=91 errors=2198 current=packages/jest-util/src/deepCyclicCopy.ts
[2026-04-18T07:40:14Z] [iter=11] HEARTBEAT target_type=call_site elapsed_min=140.9 files_done=155 resolved=91 errors=2207 current=e2e/__tests__/babelPluginJestHoist.test.ts
[2026-04-18T07:42:05Z] [iter=11] HEARTBEAT target_type=call_site elapsed_min=142.8 files_done=157 resolved=91 errors=2237 current=packages/jest-core/src/FailedTestsCache.ts
[2026-04-18T07:42:36Z] [iter=11] HEARTBEAT target_type=call_site elapsed_min=143.3 files_done=160 resolved=91 errors=2245 current=packages/jest-globals/src/__tests__/index.ts
[2026-04-18T07:45:12Z] [iter=11] HEARTBEAT target_type=call_site elapsed_min=145.9 files_done=162 resolved=91 errors=2287 current=packages/jest-reporters/src/NotifyReporter.ts
[2026-04-18T07:46:11Z] [iter=11] HEARTBEAT target_type=call_site elapsed_min=146.8 files_done=163 resolved=91 errors=2303 current=packages/jest-haste-map/src/crawlers/watchman.ts
[2026-04-18T07:49:01Z] [iter=11] HEARTBEAT target_type=call_site elapsed_min=149.7 files_done=164 resolved=91 errors=2349 current=packages/jest-each/src/table/interpolation.ts
[2026-04-18T07:49:49Z] [iter=11] HEARTBEAT target_type=call_site elapsed_min=150.5 files_done=165 resolved=91 errors=2362 current=packages/jest-circus/src/legacy-code-todo-rewrite/jestAdapter.ts
[2026-04-18T07:51:26Z] [iter=11] HEARTBEAT target_type=call_site elapsed_min=152.1 files_done=166 resolved=91 errors=2388 current=e2e/__tests__/cliHandlesExactFilenames.test.ts
[2026-04-18T07:52:00Z] [iter=11] HEARTBEAT target_type=call_site elapsed_min=152.7 files_done=167 resolved=93 errors=2397 current=packages/jest-util/src/ErrorWithStack.ts
[2026-04-18T07:52:51Z] [iter=11] HEARTBEAT target_type=call_site elapsed_min=153.5 files_done=169 resolved=93 errors=2411 current=e2e/__tests__/doneInHooks.test.ts
[2026-04-18T07:53:36Z] [iter=11] HEARTBEAT target_type=call_site elapsed_min=154.3 files_done=171 resolved=93 errors=2423 current=packages/jest-each/src/bind.ts
[2026-04-18T07:54:39Z] [iter=11] HEARTBEAT target_type=call_site elapsed_min=155.3 files_done=172 resolved=93 errors=2440 current=e2e/__tests__/presets.test.ts
[2026-04-18T07:55:16Z] [iter=11] HEARTBEAT target_type=call_site elapsed_min=155.9 files_done=174 resolved=94 errors=2450 current=packages/jest-diff/src/__tests__/getAlignedDiffs.test.ts
[2026-04-18T07:56:49Z] [iter=11] HEARTBEAT target_type=call_site elapsed_min=157.5 files_done=175 resolved=94 errors=2475 current=e2e/typescript-coverage/__tests__/coveredTest.ts
[2026-04-18T07:57:38Z] [iter=11] HEARTBEAT target_type=call_site elapsed_min=158.3 files_done=178 resolved=94 errors=2488 current=e2e/__tests__/snapshotSerializers.test.ts
[2026-04-18T07:58:11Z] [iter=11] HEARTBEAT target_type=call_site elapsed_min=158.9 files_done=179 resolved=94 errors=2497 current=e2e/__tests__/emptySuiteError.test.ts
[2026-04-18T07:58:45Z] [iter=11] HEARTBEAT target_type=call_site elapsed_min=159.4 files_done=181 resolved=94 errors=2506 current=packages/jest-create-cache-key-function/src/__tests__/index.test.ts
[2026-04-18T08:01:05Z] [iter=11] HEARTBEAT target_type=call_site elapsed_min=161.8 files_done=183 resolved=94 errors=2544 current=packages/jest-watcher/src/PatternPrompt.ts
[2026-04-18T08:02:12Z] [iter=11] HEARTBEAT target_type=call_site elapsed_min=162.9 files_done=184 resolved=94 errors=2562 current=examples/angular/app.component.spec.ts
[2026-04-18T08:02:58Z] [iter=11] HEARTBEAT target_type=call_site elapsed_min=163.6 files_done=186 resolved=95 errors=2574 current=packages/jest-resolve/src/shouldLoadAsEsm.ts
[2026-04-18T08:03:57Z] [iter=11] HEARTBEAT target_type=call_site elapsed_min=164.6 files_done=187 resolved=95 errors=2590 current=packages/jest-each/src/table/array.ts
[2026-04-18T08:05:45Z] [iter=11] HEARTBEAT target_type=call_site elapsed_min=166.4 files_done=188 resolved=95 errors=2619 current=e2e/__tests__/environmentAfterTeardown.test.ts
[2026-04-18T08:06:48Z] [iter=11] HEARTBEAT target_type=call_site elapsed_min=167.5 files_done=190 resolved=95 errors=2636 current=e2e/__tests__/supportsDashedArgs.ts
[2026-04-18T08:07:30Z] [iter=11] HEARTBEAT target_type=call_site elapsed_min=168.2 files_done=193 resolved=95 errors=2647 current=e2e/__tests__/stackTraceSourceMapsWithCoverage.test.ts
[2026-04-18T08:09:52Z] [iter=11] HEARTBEAT target_type=call_site elapsed_min=170.5 files_done=196 resolved=95 errors=2685 current=e2e/__tests__/testResultsProcessor.test.ts
[2026-04-18T08:11:07Z] [iter=11] HEARTBEAT target_type=call_site elapsed_min=171.8 files_done=198 resolved=95 errors=2705 current=packages/jest-get-type/src/__tests__/isPrimitive.test.ts
[2026-04-18T08:11:55Z] [iter=11] HEARTBEAT target_type=call_site elapsed_min=172.6 files_done=200 resolved=103 errors=2718 current=packages/jest-jasmine2/src/__tests__/todoError.test.ts
[2026-04-18T08:12:53Z] [iter=11] HEARTBEAT target_type=call_site elapsed_min=173.6 files_done=206 resolved=104 errors=2733 current=packages/jest-validate/src/validate.ts
[2026-04-18T08:13:34Z] [iter=11] HEARTBEAT target_type=call_site elapsed_min=174.2 files_done=207 resolved=104 errors=2744 current=packages/jest-validate/src/errors.ts
[2026-04-18T08:14:30Z] [iter=11] HEARTBEAT target_type=call_site elapsed_min=175.2 files_done=208 resolved=104 errors=2759 current=e2e/__tests__/jestRequireMock.test.ts
[2026-04-18T08:15:01Z] [iter=11] HEARTBEAT target_type=call_site elapsed_min=175.7 files_done=209 resolved=105 errors=2767 current=e2e/__tests__/extraGlobals.test.ts
[2026-04-18T08:15:34Z] [iter=11] HEARTBEAT target_type=call_site elapsed_min=176.2 files_done=211 resolved=105 errors=2776 current=e2e/__tests__/customHaste.test.ts
[2026-04-18T08:16:27Z] [iter=11] HEARTBEAT target_type=call_site elapsed_min=177.1 files_done=215 resolved=107 errors=2790 current=packages/jest-cli/src/init/errors.ts
[2026-04-18T08:17:01Z] [iter=11] HEARTBEAT target_type=call_site elapsed_min=177.7 files_done=218 resolved=107 errors=2799 current=packages/jest-serializer/src/index.ts
[2026-04-18T08:17:39Z] [iter=11] HEARTBEAT target_type=call_site elapsed_min=178.3 files_done=220 resolved=107 errors=2809 current=packages/jest-watcher/src/lib/scroll.ts
[2026-04-18T08:18:29Z] [iter=11] HEARTBEAT target_type=call_site elapsed_min=179.1 files_done=225 resolved=108 errors=2822 current=packages/jest-worker/src/workers/processChild.ts
[2026-04-18T08:19:20Z] [iter=11] HEARTBEAT target_type=call_site elapsed_min=180.0 files_done=226 resolved=108 errors=2836 current=packages/jest-core/src/plugins/Quit.ts
[2026-04-18T08:19:58Z] [iter=11] HEARTBEAT target_type=call_site elapsed_min=180.6 files_done=228 resolved=109 errors=2846 current=packages/jest-reporters/src/CoverageWorker.ts
[2026-04-18T08:20:51Z] [iter=11] HEARTBEAT target_type=call_site elapsed_min=181.5 files_done=232 resolved=109 errors=2860 current=e2e/__tests__/regexCharInPath.test.ts
[2026-04-18T08:21:25Z] [iter=11] HEARTBEAT target_type=call_site elapsed_min=182.1 files_done=234 resolved=109 errors=2869 current=packages/jest-repl/src/cli/index.ts
[2026-04-18T08:21:57Z] [iter=11] HEARTBEAT target_type=call_site elapsed_min=182.6 files_done=240 resolved=109 errors=2877 current=e2e/__tests__/chaiAssertionLibrary.ts
[2026-04-18T08:22:43Z] [iter=11] HEARTBEAT target_type=call_site elapsed_min=183.4 files_done=244 resolved=109 errors=2889 current=e2e/__tests__/jasmineAsyncWithPendingDuringTest.ts
[2026-04-18T08:23:14Z] [iter=11] HEARTBEAT target_type=call_site elapsed_min=183.9 files_done=248 resolved=109 errors=2897 current=packages/jest-core/src/plugins/UpdateSnapshots.ts
[2026-04-18T08:23:56Z] [iter=11] HEARTBEAT target_type=call_site elapsed_min=184.6 files_done=250 resolved=112 errors=2908 current=examples/typescript/sub.ts
[2026-04-18T08:25:07Z] [iter=11] HEARTBEAT target_type=call_site elapsed_min=185.8 files_done=253 resolved=112 errors=2927 current=packages/jest-console/src/__tests__/getConsoleOutput.test.ts
[2026-04-18T08:25:37Z] [iter=11] HEARTBEAT target_type=call_site elapsed_min=186.3 files_done=258 resolved=112 errors=2935 current=packages/jest-worker/src/__tests__/leak-integration.test.ts
[2026-04-18T08:26:16Z] [iter=11] HEARTBEAT target_type=call_site elapsed_min=186.9 files_done=260 resolved=112 errors=2945 current=packages/jest-jasmine2/src/PCancelable.ts
[2026-04-18T08:26:46Z] [iter=11] HEARTBEAT target_type=call_site elapsed_min=187.4 files_done=261 resolved=112 errors=2953 current=e2e/__tests__/customResolver.test.ts
[2026-04-18T08:27:31Z] [iter=11] HEARTBEAT target_type=call_site elapsed_min=188.2 files_done=263 resolved=112 errors=2965 current=e2e/__tests__/fatalWorkerError.test.ts
[2026-04-18T08:28:01Z] [iter=11] HEARTBEAT target_type=call_site elapsed_min=188.7 files_done=264 resolved=113 errors=2973 current=packages/jest-config/src/__tests__/readConfigs.test.ts
[2026-04-18T08:29:32Z] [iter=11] HEARTBEAT target_type=call_site elapsed_min=190.2 files_done=270 resolved=116 errors=2997 current=packages/jest-reporters/src/generateEmptyCoverage.ts
[2026-04-18T08:30:38Z] [iter=11] HEARTBEAT target_type=call_site elapsed_min=191.3 files_done=272 resolved=116 errors=3015 current=e2e/__tests__/badSourceMap.test.ts
[2026-04-18T08:31:38Z] [iter=11] HEARTBEAT target_type=call_site elapsed_min=192.3 files_done=276 resolved=117 errors=3031 current=packages/jest-haste-map/src/lib/normalizePathSep.ts
[2026-04-18T08:32:34Z] [iter=11] HEARTBEAT target_type=call_site elapsed_min=193.2 files_done=279 resolved=119 errors=3046 current=packages/jest-regex-util/src/index.ts
[2026-04-18T08:33:04Z] [iter=11] HEARTBEAT target_type=call_site elapsed_min=193.7 files_done=281 resolved=120 errors=3054 current=packages/jest-resolve/src/ModuleNotFoundError.ts
[2026-04-18T08:33:35Z] [iter=11] HEARTBEAT target_type=call_site elapsed_min=194.2 files_done=285 resolved=120 errors=3062 current=packages/jest-core/src/plugins/FailedTestsInteractive.ts
[2026-04-18T08:34:27Z] [iter=11] HEARTBEAT target_type=call_site elapsed_min=195.1 files_done=286 resolved=120 errors=3076 current=e2e/__tests__/nestedEventLoop.test.ts
[2026-04-18T08:35:20Z] [iter=11] HEARTBEAT target_type=call_site elapsed_min=196.0 files_done=289 resolved=120 errors=3090 current=packages/jest-worker/src/workers/messageParent.ts
[2026-04-18T08:35:53Z] [iter=11] HEARTBEAT target_type=call_site elapsed_min=196.6 files_done=292 resolved=120 errors=3099 current=packages/jest-config/src/setFromArgv.ts
[2026-04-18T08:36:49Z] [iter=11] HEARTBEAT target_type=call_site elapsed_min=197.5 files_done=295 resolved=120 errors=3114 current=packages/jest-watcher/src/lib/colorize.ts
[2026-04-18T08:37:23Z] [iter=11] HEARTBEAT target_type=call_site elapsed_min=198.0 files_done=297 resolved=120 errors=3123 current=examples/angular/shared/data.service.ts
[2026-04-18T08:38:05Z] [iter=11] HEARTBEAT target_type=call_site elapsed_min=198.7 files_done=302 resolved=120 errors=3134 current=e2e/__tests__/processExit.test.ts
[2026-04-18T08:38:35Z] [iter=11] HEARTBEAT target_type=call_site elapsed_min=199.2 files_done=305 resolved=120 errors=3142 current=packages/jest-circus/src/__tests__/baseTest.test.ts
[2026-04-18T08:39:05Z] [iter=11] HEARTBEAT target_type=call_site elapsed_min=199.8 files_done=307 resolved=120 errors=3150 current=e2e/__tests__/nativeAsyncMock.test.ts
[2026-04-18T08:39:39Z] [iter=11] HEARTBEAT target_type=call_site elapsed_min=200.3 files_done=310 resolved=120 errors=3159 current=e2e/coverage-provider-v8/cjs-with-babel-transformer/module.ts
[2026-04-18T08:40:25Z] [iter=11] HEARTBEAT target_type=call_site elapsed_min=201.1 files_done=316 resolved=123 errors=3171 current=packages/jest-worker/src/WorkerPool.ts
[2026-04-18T08:41:06Z] [iter=11] HEARTBEAT target_type=call_site elapsed_min=201.8 files_done=319 resolved=123 errors=3182 current=packages/jest-config/src/validatePattern.ts
[2026-04-18T08:41:41Z] [iter=11] HEARTBEAT target_type=call_site elapsed_min=202.3 files_done=324 resolved=123 errors=3191 current=e2e/coverage-provider-v8/esm-with-custom-transformer/__tests__/test.ts
[2026-04-18T08:42:15Z] [iter=11] HEARTBEAT target_type=call_site elapsed_min=202.9 files_done=327 resolved=123 errors=3200 current=packages/jest-haste-map/src/blacklist.ts
[2026-04-18T08:42:50Z] [iter=11] HEARTBEAT target_type=call_site elapsed_min=203.5 files_done=337 resolved=123 errors=3209 current=packages/pretty-format/src/plugins/lib/escapeHTML.ts
[2026-04-18T08:43:24Z] [iter=11] HEARTBEAT target_type=call_site elapsed_min=204.1 files_done=340 resolved=123 errors=3218 current=packages/jest-haste-map/src/lib/fast_path.ts
[2026-04-18T08:43:57Z] [iter=11] HEARTBEAT target_type=call_site elapsed_min=204.6 files_done=344 resolved=123 errors=3227 current=examples/angular/app.component.ts
[2026-04-18T08:44:29Z] [iter=11] HEARTBEAT target_type=call_site elapsed_min=205.1 files_done=354 resolved=126 errors=3235 current=e2e/__tests__/nodePath.test.ts
[2026-04-18T08:45:00Z] [iter=11] HEARTBEAT target_type=call_site elapsed_min=205.7 files_done=359 resolved=126 errors=3243 current=e2e/__tests__/testEnvironmentEsm.ts
[2026-04-18T08:45:39Z] [iter=11] HEARTBEAT target_type=call_site elapsed_min=206.3 files_done=366 resolved=126 errors=3253 current=packages/jest-snapshot/src/plugins.ts
[2026-04-18T08:45:52Z] [iter=11] Target type resolved target_type=call_site resolved=126 errors=3256 secs=12166 mem_mb=2336 MB
[2026-04-18T08:45:52Z] [iter=11] Resolving target type target_type=import_statement count=2227
[2026-04-18T08:46:21Z] [iter=11] HEARTBEAT target_type=import_statement elapsed_min=207.0 files_done=148 resolved=218 errors=0 current=e2e/__tests__/watchModeUpdateSnapshot.test.ts
[2026-04-18T08:46:53Z] [iter=11] HEARTBEAT target_type=import_statement elapsed_min=207.5 files_done=313 resolved=418 errors=0 current=packages/jest-repl/src/cli/args.ts
[2026-04-18T08:47:01Z] [iter=11] Target type resolved target_type=import_statement resolved=455 errors=0 secs=69 mem_mb=2336 MB
[2026-04-18T08:47:01Z] [iter=11] Resolving target type target_type=extends_clause count=133
[2026-04-18T08:47:07Z] [iter=11] Target type resolved target_type=extends_clause resolved=44 errors=0 secs=6 mem_mb=2336 MB
[2026-04-18T08:47:07Z] [iter=11] Resolving target type target_type=implements_clause count=9
[2026-04-18T08:47:09Z] [iter=11] Target type resolved target_type=implements_clause resolved=5 errors=0 secs=2 mem_mb=2336 MB
[2026-04-18T08:47:43Z] [iter=11] Step 5: Writing final enrichment file triples=596457
[2026-04-18T08:47:56Z] [iter=11] Enrichment file written path=/home/runner/work/forx/forx/storage/aggregate/lsp/67c1aa20c5fec31366d733e901fee2b981cb1850.nq.gz size_kb=13495
[2026-04-18T08:47:56Z] [iter=11] Checkpoint cleared (enrichment complete)
[2026-04-18T08:47:56Z] [iter=11] PHASE END: enrich elapsed_s=12516 elapsed_min=208.6 total_triples=596457
