[2026-04-17T20:58:18Z] === ENRICH ITERATION 9 START | repo=jestjs/jest sha=67c1aa20 ===
[2026-04-17T20:58:18Z] [iter=9] PHASE START: enrich repo=jestjs/jest sha=67c1aa20 runlog=/home/runner/work/forx/forx/storage/aggregate/lsp/logs/67c1aa20-enrich-iter-009.log output=/home/runner/work/forx/forx/storage/aggregate/lsp/67c1aa20c5fec31366d733e901fee2b981cb1850.nq.gz
[2026-04-17T20:59:02Z] [iter=9] Step 1: Loading AST into disk-backed store mem_mb=83 MB
[2026-04-17T21:00:43Z] [iter=9] AST store loaded triples=9309439 load_secs=97 mem_mb=1084 MB
[2026-04-17T21:00:43Z] [iter=9] Step 2: Finding LSP targets mem_mb=1084 MB
[2026-04-17T21:00:53Z] [iter=9] LSP targets found call_sites=81315 imports=2227 extends=133 implements=9 secs=10
[2026-04-17T21:01:04Z] [iter=9] Loaded checkpoint partial graph triples=257672
[2026-04-17T21:01:10Z] [iter=9] Step 2.7: Building position index (one-shot, shared across resolvers) mem_mb=1138 MB
[2026-04-17T21:02:04Z] [iter=9] Position index built positions=604380 nodes_with_types=724270 secs=54 mem_mb=2214 MB
[2026-04-17T21:02:04Z] [iter=9] Step 3: Starting LSP resolution mem_mb=2214 MB already_completed_types=[] already_completed_files=697
[2026-04-17T21:02:04Z] [iter=9] Resolving target type target_type=call_site count=81315
[2026-04-17T21:02:05Z] [iter=9] HEARTBEAT target_type=call_site elapsed_min=3.8 files_done=0 resolved=0 errors=0 current=packages/pretty-format/src/__tests__/prettyFormat.test.ts
[2026-04-17T21:08:50Z] [iter=9] HEARTBEAT target_type=call_site elapsed_min=10.5 files_done=1 resolved=6 errors=110 current=packages/jest-jasmine2/src/__tests__/reporter.test.ts
[2026-04-17T21:09:31Z] [iter=9] HEARTBEAT target_type=call_site elapsed_min=11.2 files_done=2 resolved=6 errors=121 current=packages/pretty-format/src/__tests__/react.test.tsx
[2026-04-17T21:20:10Z] [iter=9] HEARTBEAT target_type=call_site elapsed_min=21.9 files_done=3 resolved=10 errors=295 current=packages/jest-types/__typetests__/jest.test.ts
[2026-04-17T21:27:01Z] [iter=9] HEARTBEAT target_type=call_site elapsed_min=28.7 files_done=4 resolved=10 errors=407 current=packages/expect/src/__tests__/asymmetricMatchers.test.ts
[2026-04-17T21:46:50Z] [iter=9] HEARTBEAT target_type=call_site elapsed_min=48.5 files_done=5 resolved=21 errors=731 current=packages/jest-matcher-utils/src/__tests__/index.test.ts
[2026-04-17T21:50:23Z] [iter=9] HEARTBEAT target_type=call_site elapsed_min=52.1 files_done=6 resolved=30 errors=789 current=packages/jest-snapshot/src/__tests__/InlineSnapshots.test.ts
[2026-04-17T21:55:29Z] [iter=9] HEARTBEAT target_type=call_site elapsed_min=57.2 files_done=7 resolved=32 errors=872 current=e2e/babel-plugin-jest-hoist/__tests__/typescript.test.ts
[2026-04-17T22:09:22Z] [iter=9] HEARTBEAT target_type=call_site elapsed_min=71.1 files_done=9 resolved=32 errors=1098 current=packages/jest-snapshot/src/__tests__/SnapshotResolver.test.ts
[2026-04-17T22:11:02Z] [iter=9] HEARTBEAT target_type=call_site elapsed_min=72.7 files_done=10 resolved=32 errors=1125 current=packages/jest-console/src/CustomConsole.ts
[2026-04-17T22:13:26Z] [iter=9] HEARTBEAT target_type=call_site elapsed_min=75.1 files_done=11 resolved=32 errors=1164 current=packages/jest-haste-map/src/watchers/FSEventsWatcher.ts
[2026-04-17T22:15:53Z] [iter=9] HEARTBEAT target_type=call_site elapsed_min=77.6 files_done=12 resolved=32 errors=1204 current=packages/expect/src/__tests__/toEqual-dom.test.ts
[2026-04-17T22:19:08Z] [iter=9] HEARTBEAT target_type=call_site elapsed_min=80.8 files_done=13 resolved=64 errors=1257 current=packages/diff-sequences/src/__tests__/index.test.ts
[2026-04-17T22:24:32Z] [iter=9] HEARTBEAT target_type=call_site elapsed_min=86.2 files_done=14 resolved=65 errors=1345 current=packages/babel-jest/src/index.ts
[2026-04-17T22:27:32Z] [iter=9] HEARTBEAT target_type=call_site elapsed_min=89.2 files_done=15 resolved=65 errors=1394 current=packages/jest-console/src/__tests__/CustomConsole.test.ts
[2026-04-17T22:31:19Z] [iter=9] HEARTBEAT target_type=call_site elapsed_min=93.0 files_done=16 resolved=65 errors=1456 current=packages/jest-snapshot/src/__tests__/printSnapshot.test.ts
[2026-04-17T22:38:44Z] [iter=9] HEARTBEAT target_type=call_site elapsed_min=100.4 files_done=17 resolved=67 errors=1577 current=packages/expect/src/spyMatchers.ts
[2026-04-17T22:57:25Z] [iter=9] HEARTBEAT target_type=call_site elapsed_min=119.1 files_done=18 resolved=67 errors=1882 current=packages/jest-each/src/__tests__/index.test.ts
[2026-04-17T23:04:21Z] [iter=9] HEARTBEAT target_type=call_site elapsed_min=126.0 files_done=20 resolved=67 errors=1995 current=packages/jest-fake-timers/src/__tests__/modernFakeTimers.test.ts
[2026-04-17T23:15:23Z] [iter=9] HEARTBEAT target_type=call_site elapsed_min=137.1 files_done=21 resolved=68 errors=2175 current=e2e/__tests__/skipBeforeAfterAll.test.ts
[2026-04-17T23:16:11Z] [iter=9] HEARTBEAT target_type=call_site elapsed_min=137.9 files_done=23 resolved=69 errors=2188 current=packages/pretty-format/src/__tests__/DOMCollection.test.ts
[2026-04-17T23:28:04Z] [iter=9] HEARTBEAT target_type=call_site elapsed_min=149.8 files_done=25 resolved=80 errors=2382 current=packages/jest-each/src/__tests__/template.test.ts
[2026-04-17T23:39:01Z] [iter=9] HEARTBEAT target_type=call_site elapsed_min=160.7 files_done=26 resolved=81 errors=2561 current=e2e/__tests__/resolveNoFileExtensions.test.ts
[2026-04-17T23:40:15Z] [iter=9] HEARTBEAT target_type=call_site elapsed_min=162.0 files_done=28 resolved=85 errors=2581 current=packages/expect/src/jasmineUtils.ts
[2026-04-17T23:42:02Z] [iter=9] HEARTBEAT target_type=call_site elapsed_min=163.7 files_done=29 resolved=88 errors=2610 current=packages/jest-core/src/watch.ts
[2026-04-17T23:49:48Z] [iter=9] HEARTBEAT target_type=call_site elapsed_min=171.5 files_done=30 resolved=88 errors=2737 current=packages/jest-resolve/src/resolver.ts
[2026-04-17T23:55:26Z] [iter=9] HEARTBEAT target_type=call_site elapsed_min=177.1 files_done=31 resolved=89 errors=2829 current=packages/jest-each/src/__tests__/array.test.ts
[2026-04-18T00:03:28Z] [iter=9] HEARTBEAT target_type=call_site elapsed_min=185.2 files_done=32 resolved=91 errors=2960 current=packages/jest-jasmine2/src/jasmine/spyRegistry.ts
[2026-04-18T00:04:53Z] [iter=9] HEARTBEAT target_type=call_site elapsed_min=186.6 files_done=33 resolved=91 errors=2983 current=packages/jest-resolve/src/__tests__/isBuiltinModule.test.ts
[2026-04-18T00:06:18Z] [iter=9] HEARTBEAT target_type=call_site elapsed_min=188.0 files_done=35 resolved=91 errors=3006 current=e2e/__tests__/snapshot.test.ts
[2026-04-18T00:10:44Z] [iter=9] HEARTBEAT target_type=call_site elapsed_min=192.4 files_done=36 resolved=95 errors=3078 current=packages/jest-snapshot/src/printSnapshot.ts
[2026-04-18T00:14:47Z] [iter=9] HEARTBEAT target_type=call_site elapsed_min=196.5 files_done=37 resolved=95 errors=3144 current=e2e/__tests__/multiProjectRunner.test.ts
[2026-04-18T00:17:48Z] [iter=9] HEARTBEAT target_type=call_site elapsed_min=199.5 files_done=38 resolved=104 errors=3193 current=packages/jest-jasmine2/src/__tests__/pTimeout.test.ts
[2026-04-18T00:20:09Z] [iter=9] HEARTBEAT target_type=call_site elapsed_min=201.9 files_done=40 resolved=106 errors=3231 current=e2e/__tests__/noTestsFound.test.ts
[2026-04-18T00:22:56Z] [iter=9] HEARTBEAT target_type=call_site elapsed_min=204.6 files_done=42 resolved=108 errors=3276 current=packages/jest-matcher-utils/src/index.ts
[2026-04-18T00:29:01Z] [iter=9] HEARTBEAT target_type=call_site elapsed_min=210.7 files_done=43 resolved=108 errors=3375 current=e2e/__tests__/toMatchSnapshot.test.ts
[2026-04-18T00:33:26Z] [iter=9] HEARTBEAT target_type=call_site elapsed_min=215.1 files_done=44 resolved=108 errors=3447 current=e2e/__tests__/clearCache.test.ts
[2026-04-18T00:35:27Z] [iter=9] HEARTBEAT target_type=call_site elapsed_min=217.1 files_done=46 resolved=108 errors=3480 current=packages/jest-runtime/src/helpers.ts
[2026-04-18T00:36:30Z] [iter=9] HEARTBEAT target_type=call_site elapsed_min=218.2 files_done=47 resolved=109 errors=3497 current=packages/expect/src/asymmetricMatchers.ts
[2026-04-18T00:38:10Z] [iter=9] HEARTBEAT target_type=call_site elapsed_min=219.9 files_done=48 resolved=110 errors=3524 current=e2e/__tests__/coverageReport.test.ts
[2026-04-18T00:39:17Z] [iter=9] HEARTBEAT target_type=call_site elapsed_min=221.0 files_done=49 resolved=111 errors=3542 current=packages/jest-reporters/src/getSnapshotStatus.ts
[2026-04-18T00:40:27Z] [iter=9] HEARTBEAT target_type=call_site elapsed_min=222.2 files_done=50 resolved=111 errors=3561 current=e2e/__tests__/nativeEsm.test.ts
[2026-04-18T00:40:57Z] [iter=9] HEARTBEAT target_type=call_site elapsed_min=222.7 files_done=51 resolved=111 errors=3569 current=packages/jest-core/src/lib/logDebugMessages.ts
[2026-04-18T00:42:53Z] [iter=9] HEARTBEAT target_type=call_site elapsed_min=224.6 files_done=53 resolved=111 errors=3600 current=packages/jest-core/src/__tests__/watchFileChanges.test.ts
[2026-04-18T00:44:52Z] [iter=9] HEARTBEAT target_type=call_site elapsed_min=226.6 files_done=54 resolved=112 errors=3632 current=packages/jest-matcher-utils/src/__tests__/Replaceable.test.ts
[2026-04-18T00:45:48Z] [iter=9] HEARTBEAT target_type=call_site elapsed_min=227.5 files_done=55 resolved=117 errors=3647 current=packages/jest-transform/src/__tests__/shouldInstrument.test.ts
[2026-04-18T00:47:35Z] [iter=9] HEARTBEAT target_type=call_site elapsed_min=229.3 files_done=56 resolved=117 errors=3676 current=packages/jest-runtime/src/index.ts
[2026-04-18T00:58:32Z] [iter=9] CHECKPOINT TRIGGERED elapsed_min=240.2 files_completed=753 new_files_this_iter=56 mem_mb=2250 MB
[2026-04-18T00:58:32Z] [iter=9] Writing partial enrichment graph path=/home/runner/work/forx/forx/storage/aggregate/lsp/67c1aa20c5fec31366d733e901fee2b981cb1850.nq.gz triples=277580
[2026-04-18T00:58:39Z] [iter=9] Checkpoint written, exiting with code 7
[2026-04-18T00:58:39Z] [iter=9] PHASE END: enrich (checkpointed) elapsed_s=14414 elapsed_min=240.2 files_completed=753
